build/outputs/logs/manifest-merger-debug-report.txt
-- Merging decision tree log ---
manifest
ADDED from src\main\AndroidManifest.xml:2:1-64:12
INJECTED from src\main\AndroidManifest.xml:2:1-64:12
INJECTED from src\main\AndroidManifest.xml:2:1-64:12
MERGED from [com.android.support:appcompat-v7:26.1.0] AndroidManifest.xml:17:1-31:12
MERGED from [com.google.vr:sdk-base:1.190.0] AndroidManifest.xml:3:1-28:12
MERGED from [com.android.support:animated-vector-drawable:26.1.0] AndroidManifest.xml:17:1-28:12
MERGED from [com.android.support:support-vector-drawable:26.1.0] AndroidManifest.xml:17:1-28:12
MERGED from [com.android.support:support-v4:26.1.0] AndroidManifest.xml:17:1-31:12
MERGED from [com.android.support:support-media-compat:26.1.0] AndroidManifest.xml:17:1-31:12
MERGED from [com.android.support:support-fragment:26.1.0] AndroidManifest.xml:17:1-31:12
MERGED from [com.android.support:support-core-utils:26.1.0] AndroidManifest.xml:17:1-31:12
MERGED from [com.android.support:support-core-ui:26.1.0] AndroidManifest.xml:17:1-31:12
MERGED from [com.android.support:support-compat:26.1.0] AndroidManifest.xml:17:1-31:12
MERGED from [android.arch.lifecycle:runtime:1.0.0] AndroidManifest.xml:17:1-30:12
INJECTED from src\main\AndroidManifest.xml:2:1-64:12
INJECTED from src\main\AndroidManifest.xml:2:1-64:12
	package
		ADDED from src\main\AndroidManifest.xml:3:5-42
	android:extractNativeLibs
		ADDED from src\main\AndroidManifest.xml:5:5-37
	android:versionName
		ADDED from src\main\AndroidManifest.xml:6:5-34
		INJECTED from src\main\AndroidManifest.xml
		INJECTED from src\main\AndroidManifest.xml
	xmlns:android
		ADDED from src\main\AndroidManifest.xml:2:11-69
	android:versionCode
		ADDED from src\main\AndroidManifest.xml:4:5-36
		INJECTED from src\main\AndroidManifest.xml
		INJECTED from src\main\AndroidManifest.xml
uses-feature#0x00030002
ADDED from src\main\AndroidManifest.xml:10:3-76
	android:glEsVersion
		ADDED from src\main\AndroidManifest.xml:10:17-49
	android:required
		ADDED from src\main\AndroidManifest.xml:10:50-73
uses-feature#android.hardware.sensor.accelerometer
ADDED from src\main\AndroidManifest.xml:12:3-95
	android:required
		ADDED from src\main\AndroidManifest.xml:12:70-93
	android:name
		ADDED from src\main\AndroidManifest.xml:12:17-69
uses-feature#android.hardware.sensor.gyroscope
ADDED from src\main\AndroidManifest.xml:13:3-91
	android:required
		ADDED from src\main\AndroidManifest.xml:13:66-89
	android:name
		ADDED from src\main\AndroidManifest.xml:13:17-65
uses-feature#android.hardware.vr.high_performance
ADDED from src\main\AndroidManifest.xml:14:3-94
MERGED from [com.google.vr:sdk-base:1.190.0] AndroidManifest.xml:24:5-26:36
MERGED from [com.google.vr:sdk-base:1.190.0] AndroidManifest.xml:24:5-26:36
	android:required
		ADDED from src\main\AndroidManifest.xml:14:69-92
	android:name
		ADDED from src\main\AndroidManifest.xml:14:17-68
uses-feature#android.software.vr.mode
ADDED from src\main\AndroidManifest.xml:15:3-82
MERGED from [com.google.vr:sdk-base:1.190.0] AndroidManifest.xml:20:5-22:36
MERGED from [com.google.vr:sdk-base:1.190.0] AndroidManifest.xml:20:5-22:36
	android:required
		ADDED from src\main\AndroidManifest.xml:15:57-80
	android:name
		ADDED from src\main\AndroidManifest.xml:15:17-56
uses-permission#android.permission.INTERNET
ADDED from src\main\AndroidManifest.xml:16:3-64
	android:name
		ADDED from src\main\AndroidManifest.xml:16:20-62
uses-permission#android.permission.ACCESS_NETWORK_STATE
ADDED from src\main\AndroidManifest.xml:17:3-76
	android:name
		ADDED from src\main\AndroidManifest.xml:17:20-74
uses-permission#android.permission.ACCESS_WIFI_STATE
ADDED from src\main\AndroidManifest.xml:18:3-73
	android:name
		ADDED from src\main\AndroidManifest.xml:18:20-71
uses-permission#android.permission.READ_EXTERNAL_STORAGE
ADDED from src\main\AndroidManifest.xml:19:3-78
MERGED from [com.google.vr:sdk-base:1.190.0] AndroidManifest.xml:16:5-80
MERGED from [com.google.vr:sdk-base:1.190.0] AndroidManifest.xml:16:5-80
	android:name
		ADDED from src\main\AndroidManifest.xml:19:20-75
application
ADDED from src\main\AndroidManifest.xml:22:3-63:17
MERGED from [com.android.support:appcompat-v7:26.1.0] AndroidManifest.xml:25:5-29:19
MERGED from [com.android.support:appcompat-v7:26.1.0] AndroidManifest.xml:25:5-29:19
MERGED from [com.android.support:animated-vector-drawable:26.1.0] AndroidManifest.xml:22:5-26:19
MERGED from [com.android.support:animated-vector-drawable:26.1.0] AndroidManifest.xml:22:5-26:19
MERGED from [com.android.support:support-vector-drawable:26.1.0] AndroidManifest.xml:22:5-26:19
MERGED from [com.android.support:support-vector-drawable:26.1.0] AndroidManifest.xml:22:5-26:19
MERGED from [com.android.support:support-v4:26.1.0] AndroidManifest.xml:25:5-29:19
MERGED from [com.android.support:support-v4:26.1.0] AndroidManifest.xml:25:5-29:19
MERGED from [com.android.support:support-media-compat:26.1.0] AndroidManifest.xml:25:5-29:19
MERGED from [com.android.support:support-media-compat:26.1.0] AndroidManifest.xml:25:5-29:19
MERGED from [com.android.support:support-fragment:26.1.0] AndroidManifest.xml:25:5-29:19
MERGED from [com.android.support:support-fragment:26.1.0] AndroidManifest.xml:25:5-29:19
MERGED from [com.android.support:support-core-utils:26.1.0] AndroidManifest.xml:25:5-29:19
MERGED from [com.android.support:support-core-utils:26.1.0] AndroidManifest.xml:25:5-29:19
MERGED from [com.android.support:support-core-ui:26.1.0] AndroidManifest.xml:25:5-29:19
MERGED from [com.android.support:support-core-ui:26.1.0] AndroidManifest.xml:25:5-29:19
MERGED from [com.android.support:support-compat:26.1.0] AndroidManifest.xml:25:5-29:19
MERGED from [com.android.support:support-compat:26.1.0] AndroidManifest.xml:25:5-29:19
MERGED from [android.arch.lifecycle:runtime:1.0.0] AndroidManifest.xml:24:5-28:19
MERGED from [android.arch.lifecycle:runtime:1.0.0] AndroidManifest.xml:24:5-28:19
	android:largeHeap
		ADDED from src\main\AndroidManifest.xml:22:16-40
activity#com.google.vr.sdk.samples.video360.VideoActivity
ADDED from src\main\AndroidManifest.xml:24:5-35:16
	android:screenOrientation
		ADDED from src\main\AndroidManifest.xml:29:9-45
	android:label
		ADDED from src\main\AndroidManifest.xml:27:9-36
	android:launchMode
		ADDED from src\main\AndroidManifest.xml:28:9-40
	android:icon
		ADDED from src\main\AndroidManifest.xml:26:9-38
	android:name
		ADDED from src\main\AndroidManifest.xml:25:9-72
intent-filter#action:name:android.intent.action.MAIN+category:name:android.intent.category.LAUNCHER
ADDED from src\main\AndroidManifest.xml:31:7-34:23
action#android.intent.action.MAIN
ADDED from src\main\AndroidManifest.xml:32:11-63
	android:name
		ADDED from src\main\AndroidManifest.xml:32:19-60
category#android.intent.category.LAUNCHER
ADDED from src\main\AndroidManifest.xml:33:11-71
	android:name
		ADDED from src\main\AndroidManifest.xml:33:21-68
activity#com.google.vr.sdk.samples.video360.VrVideoActivity
ADDED from src\main\AndroidManifest.xml:38:5-62:16
	android:screenOrientation
		ADDED from src\main\AndroidManifest.xml:45:9-46
	android:label
		ADDED from src\main\AndroidManifest.xml:42:9-36
	android:enableVrMode
		ADDED from src\main\AndroidManifest.xml:41:9-61
	android:launchMode
		ADDED from src\main\AndroidManifest.xml:43:9-40
	android:resizeableActivity
		ADDED from src\main\AndroidManifest.xml:44:9-43
	android:configChanges
		ADDED from src\main\AndroidManifest.xml:40:9-88
	android:theme
		ADDED from src\main\AndroidManifest.xml:46:9-47
	android:name
		ADDED from src\main\AndroidManifest.xml:39:9-74
meta-data#com.google.android.vr.icon
ADDED from src\main\AndroidManifest.xml:50:7-52:47
	android:resource
		ADDED from src\main\AndroidManifest.xml:52:11-44
	android:name
		ADDED from src\main\AndroidManifest.xml:51:11-52
meta-data#com.google.android.vr.icon_background
ADDED from src\main\AndroidManifest.xml:53:7-55:61
	android:resource
		ADDED from src\main\AndroidManifest.xml:55:11-58
	android:name
		ADDED from src\main\AndroidManifest.xml:54:11-63
intent-filter#action:name:android.intent.action.MAIN+category:name:com.google.intent.category.DAYDREAM
ADDED from src\main\AndroidManifest.xml:58:7-61:23
category#com.google.intent.category.DAYDREAM
ADDED from src\main\AndroidManifest.xml:60:9-71
	android:name
		ADDED from src\main\AndroidManifest.xml:60:19-69
uses-sdk
INJECTED from src\main\AndroidManifest.xml reason: use-sdk injection requested
INJECTED from src\main\AndroidManifest.xml
INJECTED from src\main\AndroidManifest.xml
MERGED from [com.android.support:appcompat-v7:26.1.0] AndroidManifest.xml:21:5-23:78
MERGED from [com.android.support:appcompat-v7:26.1.0] AndroidManifest.xml:21:5-23:78
MERGED from [com.google.vr:sdk-base:1.190.0] AndroidManifest.xml:7:5-9:41
MERGED from [com.google.vr:sdk-base:1.190.0] AndroidManifest.xml:7:5-9:41
MERGED from [com.android.support:animated-vector-drawable:26.1.0] AndroidManifest.xml:20:5-44
MERGED from [com.android.support:animated-vector-drawable:26.1.0] AndroidManifest.xml:20:5-44
MERGED from [com.android.support:support-vector-drawable:26.1.0] AndroidManifest.xml:20:5-44
MERGED from [com.android.support:support-vector-drawable:26.1.0] AndroidManifest.xml:20:5-44
MERGED from [com.android.support:support-v4:26.1.0] AndroidManifest.xml:21:5-23:54
MERGED from [com.android.support:support-v4:26.1.0] AndroidManifest.xml:21:5-23:54
MERGED from [com.android.support:support-media-compat:26.1.0] AndroidManifest.xml:21:5-23:63
MERGED from [com.android.support:support-media-compat:26.1.0] AndroidManifest.xml:21:5-23:63
MERGED from [com.android.support:support-fragment:26.1.0] AndroidManifest.xml:21:5-23:60
MERGED from [com.android.support:support-fragment:26.1.0] AndroidManifest.xml:21:5-23:60
MERGED from [com.android.support:support-core-utils:26.1.0] AndroidManifest.xml:21:5-23:61
MERGED from [com.android.support:support-core-utils:26.1.0] AndroidManifest.xml:21:5-23:61
MERGED from [com.android.support:support-core-ui:26.1.0] AndroidManifest.xml:21:5-23:58
MERGED from [com.android.support:support-core-ui:26.1.0] AndroidManifest.xml:21:5-23:58
MERGED from [com.android.support:support-compat:26.1.0] AndroidManifest.xml:21:5-23:58
MERGED from [com.android.support:support-compat:26.1.0] AndroidManifest.xml:21:5-23:58
MERGED from [android.arch.lifecycle:runtime:1.0.0] AndroidManifest.xml:20:5-22:41
MERGED from [android.arch.lifecycle:runtime:1.0.0] AndroidManifest.xml:20:5-22:41
INJECTED from src\main\AndroidManifest.xml
INJECTED from src\main\AndroidManifest.xml
	tools:overrideLibrary
		ADDED from [com.android.support:appcompat-v7:26.1.0] AndroidManifest.xml:23:9-75
	android:targetSdkVersion
		INJECTED from src\main\AndroidManifest.xml
		ADDED from src\main\AndroidManifest.xml
		INJECTED from src\main\AndroidManifest.xml
	android:minSdkVersion
		INJECTED from src\main\AndroidManifest.xml
		ADDED from src\main\AndroidManifest.xml
		INJECTED from src\main\AndroidManifest.xml
meta-data#android.support.VERSION
ADDED from [com.android.support:appcompat-v7:26.1.0] AndroidManifest.xml:26:9-28:38
MERGED from [com.android.support:animated-vector-drawable:26.1.0] AndroidManifest.xml:23:9-25:38
MERGED from [com.android.support:animated-vector-drawable:26.1.0] AndroidManifest.xml:23:9-25:38
MERGED from [com.android.support:support-vector-drawable:26.1.0] AndroidManifest.xml:23:9-25:38
MERGED from [com.android.support:support-vector-drawable:26.1.0] AndroidManifest.xml:23:9-25:38
MERGED from [com.android.support:support-v4:26.1.0] AndroidManifest.xml:26:9-28:38
MERGED from [com.android.support:support-v4:26.1.0] AndroidManifest.xml:26:9-28:38
MERGED from [com.android.support:support-media-compat:26.1.0] AndroidManifest.xml:26:9-28:38
MERGED from [com.android.support:support-media-compat:26.1.0] AndroidManifest.xml:26:9-28:38
MERGED from [com.android.support:support-fragment:26.1.0] AndroidManifest.xml:26:9-28:38
MERGED from [com.android.support:support-fragment:26.1.0] AndroidManifest.xml:26:9-28:38
MERGED from [com.android.support:support-core-utils:26.1.0] AndroidManifest.xml:26:9-28:38
MERGED from [com.android.support:support-core-utils:26.1.0] AndroidManifest.xml:26:9-28:38
MERGED from [com.android.support:support-core-ui:26.1.0] AndroidManifest.xml:26:9-28:38
MERGED from [com.android.support:support-core-ui:26.1.0] AndroidManifest.xml:26:9-28:38
MERGED from [com.android.support:support-compat:26.1.0] AndroidManifest.xml:26:9-28:38
MERGED from [com.android.support:support-compat:26.1.0] AndroidManifest.xml:26:9-28:38
	android:value
		ADDED from [com.android.support:appcompat-v7:26.1.0] AndroidManifest.xml:28:13-35
	android:name
		ADDED from [com.android.support:appcompat-v7:26.1.0] AndroidManifest.xml:27:13-51
uses-feature#0x00020000
ADDED from [com.google.vr:sdk-base:1.190.0] AndroidManifest.xml:11:5-13:35
REJECTED from src\main\AndroidManifest.xml:11:5-13:35
	android:glEsVersion
		ADDED from [com.google.vr:sdk-base:1.190.0] AndroidManifest.xml:12:9-41
	android:required
		ADDED from [com.google.vr:sdk-base:1.190.0] AndroidManifest.xml:13:9-32
uses-permission#android.permission.WRITE_EXTERNAL_STORAGE
ADDED from [com.google.vr:sdk-base:1.190.0] AndroidManifest.xml:17:5-81
	android:name
		ADDED from [com.google.vr:sdk-base:1.190.0] AndroidManifest.xml:17:22-78
meta-data#android.arch.lifecycle.VERSION
ADDED from [android.arch.lifecycle:runtime:1.0.0] AndroidManifest.xml:25:9-27:47
	android:value
		ADDED from [android.arch.lifecycle:runtime:1.0.0] AndroidManifest.xml:27:13-44
	android:name
		ADDED from [android.arch.lifecycle:runtime:1.0.0] AndroidManifest.xml:26:13-58